<?xml version="1.0" encoding="UTF-8"?>
<!-- Generated by org.testng.reporters.JUnitXMLReporter -->
<testsuite hostname="DESKTOP-MUJPTB7" failures="0" tests="2" name="Surefire test" time="8.353" errors="0" timestamp="2 Feb 2025 00:36:55 GMT">
  <testcase classname="Selleniun_start_projects.Selleniun_start_projects.AppTest" name="Tests1 on Tests1(Selleniun_start_projects.Selleniun_start_projects.AppTest)" time="4.388"/>
  <testcase classname="Selleniun_start_projects.Selleniun_start_projects.AppTest" name="Test2 on Test2(Selleniun_start_projects.Selleniun_start_projects.AppTest)" time="3.914"/>
</testsuite> <!-- Surefire test -->
