<?xml version="1.0" encoding="UTF-8"?>
<testng-results total="2" passed="2" failed="0" skipped="0">
  <reporter-output>
  </reporter-output>
  <suite started-at="2025-02-02T00:36:47Z" name="Surefire suite" finished-at="2025-02-02T00:36:55Z" duration-ms="8353">
    <groups>
    </groups>
    <test started-at="2025-02-02T00:36:47Z" name="Surefire test" finished-at="2025-02-02T00:36:55Z" duration-ms="8353">
      <class name="Selleniun_start_projects.Selleniun_start_projects.AppTest">
        <test-method signature="Tests1()[pri:0, instance:Tests1(Selleniun_start_projects.Selleniun_start_projects.AppTest)]" started-at="2025-02-02T02:36:47Z" name="Tests1" finished-at="2025-02-02T02:36:51Z" duration-ms="4388" status="PASS">
          <reporter-output>
          </reporter-output>
        </test-method> <!-- Tests1 -->
        <test-method signature="Test2()[pri:0, instance:Test2(Selleniun_start_projects.Selleniun_start_projects.AppTest)]" started-at="2025-02-02T02:36:51Z" name="Test2" finished-at="2025-02-02T02:36:55Z" duration-ms="3914" status="PASS">
          <reporter-output>
          </reporter-output>
        </test-method> <!-- Test2 -->
      </class> <!-- Selleniun_start_projects.Selleniun_start_projects.AppTest -->
    </test> <!-- Surefire test -->
  </suite> <!-- Surefire suite -->
</testng-results>
