<?xml version="1.0" encoding="UTF-8"?>
<testng-results total="1" passed="1" failed="0" skipped="0">
  <reporter-output>
  </reporter-output>
  <suite started-at="2024-03-01T13:19:25Z" name="Surefire suite" finished-at="2024-03-01T13:19:37Z" duration-ms="12166">
    <groups>
    </groups>
    <test started-at="2024-03-01T13:19:25Z" name="Surefire test" finished-at="2024-03-01T13:19:37Z" duration-ms="12166">
      <class name="Selleniun_start_projects.Selleniun_start_projects.AppTest">
        <test-method signature="equilateralTriangle()[pri:0, instance:equilateralTriangle(Selleniun_start_projects.Selleniun_start_projects.AppTest)]" started-at="2024-03-01T15:19:25Z" name="equilateralTriangle" finished-at="2024-03-01T15:19:37Z" duration-ms="12000" status="PASS">
          <reporter-output>
          </reporter-output>
        </test-method> <!-- equilateralTriangle -->
      </class> <!-- Selleniun_start_projects.Selleniun_start_projects.AppTest -->
    </test> <!-- Surefire test -->
  </suite> <!-- Surefire suite -->
</testng-results>
