<?xml version="1.0" encoding="UTF-8"?>
<testsuite xmlns:xsi="http://www.w3.org/2001/XMLSchema-instance" xsi:noNamespaceSchemaLocation="https://maven.apache.org/surefire/maven-surefire-plugin/xsd/surefire-test-report.xsd" name="Selleniun_start_projects.Selleniun_start_projects.AppTest" time="13.758" tests="1" errors="0" skipped="0" failures="0">
  <properties>
[...]
</properties>
  <testcase name="equilateralTriangle on equilateralTriangle(Selleniun_start_projects.Selleniun_start_projects.AppTest)" classname="Selleniun_start_projects.Selleniun_start_projects.AppTest" time="11.994"/>
</testsuite>